This is XeTeX, Version 3.14159265-2.6-0.99999 (TeX Live 2018) (preloaded format=xelatex 2019.1.12)  25 JAN 2019 21:37
entering extended mode
 restricted \write18 enabled.
 %&-line parsing enabled.
**njurepo.ins
(./njurepo.ins
LaTeX2e <2018-12-01>
(/usr/local/texlive/2018/texmf-dist/tex/latex/base/docstrip.tex
\blockLevel=\count80
\emptyLines=\count81
\processedLines=\count82
\commentsRemoved=\count83
\commentsPassed=\count84
\codeLinesPassed=\count85
\TotalprocessedLines=\count86
\TotalcommentsRemoved=\count87
\TotalcommentsPassed=\count88
\TotalcodeLinesPassed=\count89
\NumberOfFiles=\count90
\inFile=\read1
\inputcheck=\read2
\off@0=\count91
\off@1=\count92
\off@2=\count93
\off@3=\count94
\off@4=\count95
\off@5=\count96
\off@6=\count97
\off@7=\count98
\off@8=\count99
\off@9=\count100
\off@10=\count101
\off@11=\count102
\off@12=\count103
\off@13=\count104
\off@14=\count105
\off@15=\count106
\@maxfiles=\count107
\@maxoutfiles=\count108

Utility: `docstrip' 2.5g <2018/05/03>
English documentation    <2018/05/03>

**********************************************************
* This program converts documented macro-files into fast *
* loadable files by stripping off (nearly) all comments! *
**********************************************************

********************************************************
* No Configuration file found, using default settings. *
********************************************************

)

Generating file(s) ./njurepo.cls ./dtx-style.sty ./njurepo.cfg 
\openout0 = `./njurepo.cls'.

\openout1 = `./dtx-style.sty'.

\openout2 = `./njurepo.cfg'.


Processing file njurepo.dtx (cls) -> njurepo.cls
                            (dtx-style) -> dtx-style.sty
                            (cfg) -> njurepo.cfg
Lines  processed: 1448
Comments removed: 730
Comments  passed: 0
Codelines passed: 692

*************************************************************
*                                                           *
* To finish the installation you have to move the following *
* files into a directory searched by TeX:                   *
*                                                           *
*     njurepo.cls                                           *
*     njurepo.cfg                                           *
*                                                           *
* To produce the documentation run the file njurepo.dtx     *
* through LaTeX.                                            *
*                                                           *
* Happy TeXing!                                             *
*                                                           *
*************************************************************
 ) 
Here is how much of TeX's memory you used:
 330 strings out of 492933
 3289 string characters out of 6133145
 68722 words of memory out of 5000000
 4461 multiletter control sequences out of 15000+600000
 3640 words of font info for 14 fonts, out of 8000000 for 9000
 1348 hyphenation exceptions out of 8191
 13i,0n,15p,118b,143s stack positions out of 5000i,500n,10000p,200000b,80000s

No pages of output.
